{"timestamp": "2025-09-03T18:25:15.785313Z", "level": "INFO", "logger": "lambdalabs", "message": "Initializing AWS Lambda Testing Toolkit...", "module": "enhanced_logging", "function": "info", "line": 386}
{"timestamp": "2025-09-03T18:25:24.334801Z", "level": "SUCCESS", "logger": "lambdalabs", "message": "All managers initialized successfully", "module": "enhanced_logging", "function": null, "line": 0, "correlation_id": "cd02cbee"}
{"timestamp": "2025-09-03T18:25:24.335389Z", "level": "INFO", "logger": "lambdalabs", "message": "AWS Lambda Testing Toolkit v2.0", "module": "enhanced_logging", "function": "info", "line": 386}
{"timestamp": "2025-09-03T18:25:24.335890Z", "level": "INFO", "logger": "lambdalabs", "message": "Account: 522814731902", "module": "enhanced_logging", "function": "info", "line": 386}
{"timestamp": "2025-09-03T18:25:24.336359Z", "level": "INFO", "logger": "lambdalabs", "message": "Region: us-east-1", "module": "enhanced_logging", "function": "info", "line": 386}
{"timestamp": "2025-09-03T18:26:48.121152Z", "level": "INFO", "logger": "lambdalabs", "message": "Initializing AWS Lambda Testing Toolkit...", "module": "enhanced_logging", "function": "info", "line": 386}
{"timestamp": "2025-09-03T18:26:56.516700Z", "level": "SUCCESS", "logger": "lambdalabs", "message": "All managers initialized successfully", "module": "enhanced_logging", "function": null, "line": 0, "correlation_id": "a7b1fa13"}
{"timestamp": "2025-09-03T18:26:56.517240Z", "level": "INFO", "logger": "lambdalabs", "message": "AWS Lambda Testing Toolkit v2.0", "module": "enhanced_logging", "function": "info", "line": 386}
{"timestamp": "2025-09-03T18:26:56.517750Z", "level": "INFO", "logger": "lambdalabs", "message": "Account: 522814731902", "module": "enhanced_logging", "function": "info", "line": 386}
{"timestamp": "2025-09-03T18:26:56.518196Z", "level": "INFO", "logger": "lambdalabs", "message": "Region: us-east-1", "module": "enhanced_logging", "function": "info", "line": 386}
{"timestamp": "2025-09-03T18:27:58.673284Z", "level": "INFO", "logger": "lambdalabs", "message": "Initializing AWS Lambda Testing Toolkit...", "module": "enhanced_logging", "function": "info", "line": 386}
{"timestamp": "2025-09-03T18:28:06.138525Z", "level": "SUCCESS", "logger": "lambdalabs", "message": "All managers initialized successfully", "module": "enhanced_logging", "function": null, "line": 0, "correlation_id": "8f371187"}
{"timestamp": "2025-09-03T18:28:06.139117Z", "level": "INFO", "logger": "lambdalabs", "message": "AWS Lambda Testing Toolkit v2.0", "module": "enhanced_logging", "function": "info", "line": 386}
{"timestamp": "2025-09-03T18:28:06.139623Z", "level": "INFO", "logger": "lambdalabs", "message": "Account: 343059098826", "module": "enhanced_logging", "function": "info", "line": 386}
{"timestamp": "2025-09-03T18:28:06.140083Z", "level": "INFO", "logger": "lambdalabs", "message": "Region: us-east-1", "module": "enhanced_logging", "function": "info", "line": 386}
{"timestamp": "2025-09-03T18:28:11.412728Z", "level": "SUCCESS", "logger": "lambdalabs", "message": "Selected template: templates/lambdalabs_infrastructure.yaml", "module": "enhanced_logging", "function": null, "line": 0, "correlation_id": "8f371187"}
{"timestamp": "2025-09-03T18:28:11.415578Z", "level": "INFO", "logger": "lambdalabs", "message": "Getting latest Amazon Linux 2 AMI for us-east-1...", "module": "enhanced_logging", "function": "info", "line": 386}
{"timestamp": "2025-09-03T18:28:23.076612Z", "level": "INFO", "logger": "lambdalabs", "message": "\n==================================================", "module": "enhanced_logging", "function": "info", "line": 386}
{"timestamp": "2025-09-03T18:28:23.077205Z", "level": "INFO", "logger": "lambdalabs", "message": "\ud83d\udcb0 Cost Estimation:", "module": "enhanced_logging", "function": "info", "line": 386}
{"timestamp": "2025-09-03T18:28:23.077649Z", "level": "INFO", "logger": "lambdalabs", "message": "==================================================", "module": "enhanced_logging", "function": "info", "line": 386}
{"timestamp": "2025-09-03T18:28:26.106079Z", "level": "INFO", "logger": "lambdalabs", "message": "Stack creation initiated: arn:aws:cloudformation:us-east-1:343059098826:stack/lambdalabs-20250903-212825/c7d968f0-88f3-11f0-80a8-0affed316595", "module": "enhanced_logging", "function": "info", "line": 386}
{"timestamp": "2025-09-03T18:32:00.939665Z", "level": "SUCCESS", "logger": "lambdalabs", "message": "Stack creation complete: lambdalabs-20250903-212825", "module": "enhanced_logging", "function": null, "line": 0, "correlation_id": "8f371187"}
{"timestamp": "2025-09-03T18:32:04.133815Z", "level": "INFO", "logger": "lambdalabs", "message": "EC2 Public DNS confirmed: ec2-100-24-47-119.compute-1.amazonaws.com", "module": "enhanced_logging", "function": "info", "line": 386}
{"timestamp": "2025-09-03T18:32:04.139061Z", "level": "INFO", "logger": "lambdalabs", "message": "Resource data saved to resources-lambdalabs-20250903-212825.json", "module": "enhanced_logging", "function": "info", "line": 386}
{"timestamp": "2025-09-03T18:35:32.687651Z", "level": "SUCCESS", "logger": "lambdalabs", "message": "S3 bucket population complete!", "module": "enhanced_logging", "function": null, "line": 0, "correlation_id": "8f371187"}
{"timestamp": "2025-09-03T18:36:19.282921Z", "level": "SUCCESS", "logger": "lambdalabs", "message": "File upload completed successfully!", "module": "enhanced_logging", "function": null, "line": 0, "correlation_id": "8f371187"}
{"timestamp": "2025-09-03T18:36:19.285411Z", "level": "INFO", "logger": "lambdalabs", "message": "Upload confirmed by server response", "module": "enhanced_logging", "function": "info", "line": 386}
{"timestamp": "2025-09-03T18:36:19.287313Z", "level": "SUCCESS", "logger": "lambdalabs", "message": "Web shell uploaded successfully!", "module": "enhanced_logging", "function": null, "line": 0, "correlation_id": "8f371187"}
{"timestamp": "2025-09-03T18:36:19.288849Z", "level": "INFO", "logger": "lambdalabs", "message": "Access the shell at: http://ec2-100-24-47-119.compute-1.amazonaws.com:8080/shell.jsp", "module": "enhanced_logging", "function": "info", "line": 386}
{"timestamp": "2025-09-03T18:36:19.290200Z", "level": "INFO", "logger": "lambdalabs", "message": "You can now execute commands through the web interface", "module": "enhanced_logging", "function": "info", "line": 386}
{"timestamp": "2025-09-03T18:36:25.771994Z", "level": "INFO", "logger": "lambdalabs", "message": "Initializing AWS Lambda Testing Toolkit...", "module": "enhanced_logging", "function": "info", "line": 386}
{"timestamp": "2025-09-03T18:36:33.975969Z", "level": "SUCCESS", "logger": "lambdalabs", "message": "All managers initialized successfully", "module": "enhanced_logging", "function": null, "line": 0, "correlation_id": "2d3209e4"}
{"timestamp": "2025-09-03T18:36:33.976527Z", "level": "INFO", "logger": "lambdalabs", "message": "AWS Lambda Testing Toolkit v2.0", "module": "enhanced_logging", "function": "info", "line": 386}
{"timestamp": "2025-09-03T18:36:33.977012Z", "level": "INFO", "logger": "lambdalabs", "message": "Account: 343059098826", "module": "enhanced_logging", "function": "info", "line": 386}
{"timestamp": "2025-09-03T18:36:33.977456Z", "level": "INFO", "logger": "lambdalabs", "message": "Region: us-east-1", "module": "enhanced_logging", "function": "info", "line": 386}
{"timestamp": "2025-09-03T18:36:44.894994Z", "level": "SUCCESS", "logger": "lambdalabs", "message": "Command completed", "module": "enhanced_logging", "function": null, "line": 0, "correlation_id": "2d3209e4"}
{"timestamp": "2025-09-03T18:36:46.202607Z", "level": "SUCCESS", "logger": "lambdalabs", "message": "Command completed", "module": "enhanced_logging", "function": null, "line": 0, "correlation_id": "2d3209e4"}
{"timestamp": "2025-09-03T18:36:47.506074Z", "level": "SUCCESS", "logger": "lambdalabs", "message": "Command completed", "module": "enhanced_logging", "function": null, "line": 0, "correlation_id": "2d3209e4"}
{"timestamp": "2025-09-03T18:36:59.363275Z", "level": "SUCCESS", "logger": "lambdalabs", "message": "Command completed", "module": "enhanced_logging", "function": null, "line": 0, "correlation_id": "2d3209e4"}
{"timestamp": "2025-09-03T18:37:00.664306Z", "level": "SUCCESS", "logger": "lambdalabs", "message": "Command completed", "module": "enhanced_logging", "function": null, "line": 0, "correlation_id": "2d3209e4"}
{"timestamp": "2025-09-03T18:37:12.134569Z", "level": "SUCCESS", "logger": "lambdalabs", "message": "Credential harvesting completed!", "module": "enhanced_logging", "function": null, "line": 0, "correlation_id": "2d3209e4"}
{"timestamp": "2025-09-03T18:37:12.136405Z", "level": "INFO", "logger": "lambdalabs", "message": "Credential scan results saved to: enum_outputs_20250903_213712.txt", "module": "enhanced_logging", "function": "info", "line": 386}
{"timestamp": "2025-09-03T18:37:12.138168Z", "level": "INFO", "logger": "lambdalabs", "message": "Executed 5 commands successfully", "module": "enhanced_logging", "function": "info", "line": 386}
{"timestamp": "2025-09-03T18:41:41.896925Z", "level": "SUCCESS", "logger": "lambdalabs", "message": "Successfully parsed credentials from JSON", "module": "enhanced_logging", "function": null, "line": 0, "correlation_id": "2d3209e4"}
{"timestamp": "2025-09-03T18:41:41.908936Z", "level": "SUCCESS", "logger": "lambdalabs", "message": "AWS credentials extracted successfully!", "module": "enhanced_logging", "function": null, "line": 0, "correlation_id": "2d3209e4"}
{"timestamp": "2025-09-03T18:41:41.910406Z", "level": "INFO", "logger": "lambdalabs", "message": "Credentials saved to: aws_credentials_20250903_214141.sh", "module": "enhanced_logging", "function": "info", "line": 386}
{"timestamp": "2025-09-03T18:41:41.911735Z", "level": "INFO", "logger": "lambdalabs", "message": "To use these credentials, run: source aws_credentials_20250903_214141.sh", "module": "enhanced_logging", "function": "info", "line": 386}
{"timestamp": "2025-09-03T18:41:47.902482Z", "level": "SUCCESS", "logger": "lambdalabs", "message": "AWS Identity Verified!", "module": "enhanced_logging", "function": null, "line": 0, "correlation_id": "2d3209e4"}
{"timestamp": "2025-09-03T18:41:48.630862Z", "level": "SUCCESS", "logger": "lambdalabs", "message": "Successfully verified role-based identity", "module": "enhanced_logging", "function": null, "line": 0, "correlation_id": "2d3209e4"}
{"timestamp": "2025-09-03T18:42:10.491865Z", "level": "SUCCESS", "logger": "lambdalabs", "message": "Lambda function created: arn:aws:lambda:us-east-1:343059098826:function:privesc-validation-20250903214209", "module": "enhanced_logging", "function": null, "line": 0, "correlation_id": "2d3209e4"}
{"timestamp": "2025-09-03T18:42:14.148036Z", "level": "SUCCESS", "logger": "lambdalabs", "message": "sts_get_identity completed successfully", "module": "enhanced_logging", "function": null, "line": 0, "correlation_id": "2d3209e4"}
{"timestamp": "2025-09-03T18:42:15.887446Z", "level": "SUCCESS", "logger": "lambdalabs", "message": "list_roles completed successfully", "module": "enhanced_logging", "function": null, "line": 0, "correlation_id": "2d3209e4"}
{"timestamp": "2025-09-03T18:42:15.889744Z", "level": "ERROR", "logger": "lambdalabs", "message": "list_roles failed: 'EnhancedLogger' object has no attribute 'security'", "module": "enhanced_logging", "function": "error", "line": 408}
{"timestamp": "2025-09-03T18:42:17.360664Z", "level": "SUCCESS", "logger": "lambdalabs", "message": "list_s3_buckets completed successfully", "module": "enhanced_logging", "function": null, "line": 0, "correlation_id": "2d3209e4"}
{"timestamp": "2025-09-03T18:42:17.362131Z", "level": "ERROR", "logger": "lambdalabs", "message": "list_s3_buckets failed: 'EnhancedLogger' object has no attribute 'security'", "module": "enhanced_logging", "function": "error", "line": 408}
{"timestamp": "2025-09-03T18:42:19.608065Z", "level": "SUCCESS", "logger": "lambdalabs", "message": "list_ec2_instances completed successfully", "module": "enhanced_logging", "function": null, "line": 0, "correlation_id": "2d3209e4"}
{"timestamp": "2025-09-03T18:42:19.610140Z", "level": "ERROR", "logger": "lambdalabs", "message": "list_ec2_instances failed: 'EnhancedLogger' object has no attribute 'security'", "module": "enhanced_logging", "function": "error", "line": 408}
{"timestamp": "2025-09-03T18:42:21.440576Z", "level": "SUCCESS", "logger": "lambdalabs", "message": "Lambda function privesc-validation-20250903214209 deleted successfully", "module": "enhanced_logging", "function": null, "line": 0, "correlation_id": "2d3209e4"}
{"timestamp": "2025-09-03T18:42:21.446253Z", "level": "ERROR", "logger": "lambdalabs", "message": "Lambda privilege escalation validation failed", "module": "enhanced_logging", "function": "error", "line": 408}
{"timestamp": "2025-09-03T18:42:37.004646Z", "level": "ERROR", "logger": "lambdalabs", "message": "No lambda-testing-toolkit S3 buckets found in escalation results", "module": "enhanced_logging", "function": "error", "line": 408}
{"timestamp": "2025-09-03T18:42:51.928133Z", "level": "SUCCESS", "logger": "lambdalabs", "message": "Lambda function created: arn:aws:lambda:us-east-1:343059098826:function:privesc-validation-20250903214250", "module": "enhanced_logging", "function": null, "line": 0, "correlation_id": "2d3209e4"}
{"timestamp": "2025-09-03T18:42:55.589117Z", "level": "SUCCESS", "logger": "lambdalabs", "message": "sts_get_identity completed successfully", "module": "enhanced_logging", "function": null, "line": 0, "correlation_id": "2d3209e4"}
{"timestamp": "2025-09-03T18:42:57.289251Z", "level": "SUCCESS", "logger": "lambdalabs", "message": "list_roles completed successfully", "module": "enhanced_logging", "function": null, "line": 0, "correlation_id": "2d3209e4"}
{"timestamp": "2025-09-03T18:42:57.292109Z", "level": "ERROR", "logger": "lambdalabs", "message": "list_roles failed: 'EnhancedLogger' object has no attribute 'security'", "module": "enhanced_logging", "function": "error", "line": 408}
{"timestamp": "2025-09-03T18:42:58.709409Z", "level": "SUCCESS", "logger": "lambdalabs", "message": "list_s3_buckets completed successfully", "module": "enhanced_logging", "function": null, "line": 0, "correlation_id": "2d3209e4"}
{"timestamp": "2025-09-03T18:42:58.711671Z", "level": "ERROR", "logger": "lambdalabs", "message": "list_s3_buckets failed: 'EnhancedLogger' object has no attribute 'security'", "module": "enhanced_logging", "function": "error", "line": 408}
{"timestamp": "2025-09-03T18:43:00.754249Z", "level": "SUCCESS", "logger": "lambdalabs", "message": "list_ec2_instances completed successfully", "module": "enhanced_logging", "function": null, "line": 0, "correlation_id": "2d3209e4"}
{"timestamp": "2025-09-03T18:43:00.756978Z", "level": "ERROR", "logger": "lambdalabs", "message": "list_ec2_instances failed: 'EnhancedLogger' object has no attribute 'security'", "module": "enhanced_logging", "function": "error", "line": 408}
{"timestamp": "2025-09-03T18:43:02.574421Z", "level": "SUCCESS", "logger": "lambdalabs", "message": "Lambda function privesc-validation-20250903214250 deleted successfully", "module": "enhanced_logging", "function": null, "line": 0, "correlation_id": "2d3209e4"}
{"timestamp": "2025-09-03T18:43:02.575945Z", "level": "ERROR", "logger": "lambdalabs", "message": "Lambda privilege escalation validation failed", "module": "enhanced_logging", "function": "error", "line": 408}
{"timestamp": "2025-09-03T18:51:53.406533Z", "level": "INFO", "logger": "lambdalabs", "message": "Initializing AWS Lambda Testing Toolkit...", "module": "enhanced_logging", "function": "info", "line": 387}
{"timestamp": "2025-09-03T18:52:00.912869Z", "level": "SUCCESS", "logger": "lambdalabs", "message": "All managers initialized successfully", "module": "enhanced_logging", "function": null, "line": 0, "correlation_id": "a3f4378c"}
{"timestamp": "2025-09-03T18:52:00.913435Z", "level": "INFO", "logger": "lambdalabs", "message": "AWS Lambda Testing Toolkit v2.0", "module": "enhanced_logging", "function": "info", "line": 387}
{"timestamp": "2025-09-03T18:52:00.913931Z", "level": "INFO", "logger": "lambdalabs", "message": "Account: 522814731902", "module": "enhanced_logging", "function": "info", "line": 387}
{"timestamp": "2025-09-03T18:52:00.914400Z", "level": "INFO", "logger": "lambdalabs", "message": "Region: us-east-1", "module": "enhanced_logging", "function": "info", "line": 387}
{"timestamp": "2025-09-03T18:52:24.491804Z", "level": "SUCCESS", "logger": "lambdalabs", "message": "Lambda function created: arn:aws:lambda:us-east-1:343059098826:function:privesc-validation-20250903215223", "module": "enhanced_logging", "function": null, "line": 0, "correlation_id": "a3f4378c"}
{"timestamp": "2025-09-03T18:52:28.180388Z", "level": "SUCCESS", "logger": "lambdalabs", "message": "sts_get_identity completed successfully", "module": "enhanced_logging", "function": null, "line": 0, "correlation_id": "a3f4378c"}
{"timestamp": "2025-09-03T18:52:29.975445Z", "level": "SUCCESS", "logger": "lambdalabs", "message": "list_roles completed successfully", "module": "enhanced_logging", "function": null, "line": 0, "correlation_id": "a3f4378c"}
{"timestamp": "2025-09-03T18:52:29.977913Z", "level": "WARNING", "logger": "lambdalabs", "message": "PRIVILEGE ESCALATION: 4 privileged IAM role(s) enumerable via escalated Lambda", "module": "enhanced_logging", "function": null, "line": 0, "security_event": "privilege_escalation", "correlation_id": "a3f4378c", "context": {"event_type": "privilege_escalation", "severity": "HIGH", "description": "PRIVILEGE ESCALATION: 4 privileged IAM role(s) enumerable via escalated Lambda", "details": {"privileged_roles_count": 4, "risk_level": "HIGH"}, "correlation_id": "a3f4378c"}}
{"timestamp": "2025-09-03T18:52:29.980252Z", "level": "WARNING", "logger": "lambdalabs", "message": "Privileged Role Discovered: AWSCloudFormationStackSetAdministrationRole", "module": "enhanced_logging", "function": null, "line": 0, "security_event": "privilege_escalation", "correlation_id": "a3f4378c", "context": {"event_type": "privilege_escalation", "severity": "HIGH", "description": "Privileged Role Discovered: AWSCloudFormationStackSetAdministrationRole", "details": {}, "correlation_id": "a3f4378c"}}
{"timestamp": "2025-09-03T18:52:29.982041Z", "level": "WARNING", "logger": "lambdalabs", "message": "Privileged Role Discovered: AWSReservedSSO_AdministratorAccess_ee273182fee413ff", "module": "enhanced_logging", "function": null, "line": 0, "security_event": "privilege_escalation", "correlation_id": "a3f4378c", "context": {"event_type": "privilege_escalation", "severity": "HIGH", "description": "Privileged Role Discovered: AWSReservedSSO_AdministratorAccess_ee273182fee413ff", "details": {}, "correlation_id": "a3f4378c"}}
{"timestamp": "2025-09-03T18:52:29.984173Z", "level": "WARNING", "logger": "lambdalabs", "message": "Privileged Role Discovered: db-admin-role-b294970", "module": "enhanced_logging", "function": null, "line": 0, "security_event": "privilege_escalation", "correlation_id": "a3f4378c", "context": {"event_type": "privilege_escalation", "severity": "HIGH", "description": "Privileged Role Discovered: db-admin-role-b294970", "details": {}, "correlation_id": "a3f4378c"}}
{"timestamp": "2025-09-03T18:52:31.436853Z", "level": "SUCCESS", "logger": "lambdalabs", "message": "list_s3_buckets completed successfully", "module": "enhanced_logging", "function": null, "line": 0, "correlation_id": "a3f4378c"}
{"timestamp": "2025-09-03T18:52:31.439664Z", "level": "WARNING", "logger": "lambdalabs", "message": "PRIVILEGE ESCALATION: 3 sensitive S3 bucket(s) accessible via escalated Lambda role", "module": "enhanced_logging", "function": null, "line": 0, "security_event": "privilege_escalation", "correlation_id": "a3f4378c", "context": {"event_type": "privilege_escalation", "severity": "HIGH", "description": "PRIVILEGE ESCALATION: 3 sensitive S3 bucket(s) accessible via escalated Lambda role", "details": {"buckets_count": 3, "risk_level": "HIGH"}, "correlation_id": "a3f4378c"}}
{"timestamp": "2025-09-03T18:52:31.442371Z", "level": "WARNING", "logger": "lambdalabs", "message": "Target Bucket Accessible: lambda-testing-toolkit-config-343059098826", "module": "enhanced_logging", "function": null, "line": 0, "security_event": "privilege_escalation", "correlation_id": "a3f4378c", "context": {"event_type": "privilege_escalation", "severity": "HIGH", "description": "Target Bucket Accessible: lambda-testing-toolkit-config-343059098826", "details": {}, "correlation_id": "a3f4378c"}}
{"timestamp": "2025-09-03T18:52:31.444395Z", "level": "WARNING", "logger": "lambdalabs", "message": "Target Bucket Accessible: lambda-testing-toolkit-data-343059098826", "module": "enhanced_logging", "function": null, "line": 0, "security_event": "privilege_escalation", "correlation_id": "a3f4378c", "context": {"event_type": "privilege_escalation", "severity": "HIGH", "description": "Target Bucket Accessible: lambda-testing-toolkit-data-343059098826", "details": {}, "correlation_id": "a3f4378c"}}
{"timestamp": "2025-09-03T18:52:31.446165Z", "level": "WARNING", "logger": "lambdalabs", "message": "Target Bucket Accessible: lambda-testing-toolkit-logs-343059098826", "module": "enhanced_logging", "function": null, "line": 0, "security_event": "privilege_escalation", "correlation_id": "a3f4378c", "context": {"event_type": "privilege_escalation", "severity": "HIGH", "description": "Target Bucket Accessible: lambda-testing-toolkit-logs-343059098826", "details": {}, "correlation_id": "a3f4378c"}}
{"timestamp": "2025-09-03T18:52:33.763923Z", "level": "SUCCESS", "logger": "lambdalabs", "message": "list_ec2_instances completed successfully", "module": "enhanced_logging", "function": null, "line": 0, "correlation_id": "a3f4378c"}
{"timestamp": "2025-09-03T18:52:33.766714Z", "level": "WARNING", "logger": "lambdalabs", "message": "LATERAL MOVEMENT RISK: 29 EC2 instance(s) enumerable via escalated Lambda role", "module": "enhanced_logging", "function": null, "line": 0, "security_event": "lateral_movement", "correlation_id": "a3f4378c", "context": {"event_type": "lateral_movement", "severity": "MEDIUM", "description": "LATERAL MOVEMENT RISK: 29 EC2 instance(s) enumerable via escalated Lambda role", "details": {"instances_count": 29, "risk_level": "MEDIUM"}, "correlation_id": "a3f4378c"}}
{"timestamp": "2025-09-03T18:52:33.770029Z", "level": "WARNING", "logger": "lambdalabs", "message": "EC2 Instance Discovered: i-030f957d73b8d9d65 (Unknown)", "module": "enhanced_logging", "function": null, "line": 0, "security_event": "lateral_movement", "correlation_id": "a3f4378c", "context": {"event_type": "lateral_movement", "severity": "MEDIUM", "description": "EC2 Instance Discovered: i-030f957d73b8d9d65 (Unknown)", "details": {}, "correlation_id": "a3f4378c"}}
{"timestamp": "2025-09-03T18:52:33.772187Z", "level": "WARNING", "logger": "lambdalabs", "message": "EC2 Instance Discovered: i-06a43cc9ae5642cbf (Unknown)", "module": "enhanced_logging", "function": null, "line": 0, "security_event": "lateral_movement", "correlation_id": "a3f4378c", "context": {"event_type": "lateral_movement", "severity": "MEDIUM", "description": "EC2 Instance Discovered: i-06a43cc9ae5642cbf (Unknown)", "details": {}, "correlation_id": "a3f4378c"}}
{"timestamp": "2025-09-03T18:52:33.774073Z", "level": "WARNING", "logger": "lambdalabs", "message": "EC2 Instance Discovered: i-053dc0f70d52c7461 (Unknown)", "module": "enhanced_logging", "function": null, "line": 0, "security_event": "lateral_movement", "correlation_id": "a3f4378c", "context": {"event_type": "lateral_movement", "severity": "MEDIUM", "description": "EC2 Instance Discovered: i-053dc0f70d52c7461 (Unknown)", "details": {}, "correlation_id": "a3f4378c"}}
{"timestamp": "2025-09-03T18:52:35.588158Z", "level": "SUCCESS", "logger": "lambdalabs", "message": "Lambda function privesc-validation-20250903215223 deleted successfully", "module": "enhanced_logging", "function": null, "line": 0, "correlation_id": "a3f4378c"}
{"timestamp": "2025-09-03T18:52:35.589260Z", "level": "SUCCESS", "logger": "lambdalabs", "message": "Lambda privilege escalation completed successfully!", "module": "enhanced_logging", "function": null, "line": 0, "correlation_id": "a3f4378c"}
{"timestamp": "2025-09-03T18:52:35.589783Z", "level": "INFO", "logger": "lambdalabs", "message": "Escalation chain: EC2 Role \u2192 Lambda Creation \u2192 Enhanced Permissions", "module": "enhanced_logging", "function": "info", "line": 387}
{"timestamp": "2025-09-03T18:53:15.690433Z", "level": "SUCCESS", "logger": "lambdalabs", "message": "Temporary S3 Lambda created: arn:aws:lambda:us-east-1:343059098826:function:s3-enum-temp-20250903215314", "module": "enhanced_logging", "function": null, "line": 0, "correlation_id": "a3f4378c"}
{"timestamp": "2025-09-03T18:53:20.630425Z", "level": "SUCCESS", "logger": "lambdalabs", "message": "Lambda found 51 S3 buckets", "module": "enhanced_logging", "function": null, "line": 0, "correlation_id": "a3f4378c"}
{"timestamp": "2025-09-03T18:53:21.627216Z", "level": "SUCCESS", "logger": "lambdalabs", "message": "Extracted 3 objects from lambda-testing-toolkit-config-343059098826", "module": "enhanced_logging", "function": null, "line": 0, "correlation_id": "a3f4378c"}
{"timestamp": "2025-09-03T18:53:23.021925Z", "level": "SUCCESS", "logger": "lambdalabs", "message": "Extracted 9 objects from lambda-testing-toolkit-data-343059098826", "module": "enhanced_logging", "function": null, "line": 0, "correlation_id": "a3f4378c"}
{"timestamp": "2025-09-03T18:53:24.250472Z", "level": "SUCCESS", "logger": "lambdalabs", "message": "Extracted 3 objects from lambda-testing-toolkit-logs-343059098826", "module": "enhanced_logging", "function": null, "line": 0, "correlation_id": "a3f4378c"}
{"timestamp": "2025-09-03T18:53:24.264971Z", "level": "SUCCESS", "logger": "lambdalabs", "message": "S3 privilege escalation attack complete!", "module": "enhanced_logging", "function": null, "line": 0, "correlation_id": "a3f4378c"}
{"timestamp": "2025-09-03T18:53:25.037031Z", "level": "SUCCESS", "logger": "lambdalabs", "message": "Lambda function s3-enum-temp-20250903215314 deleted successfully", "module": "enhanced_logging", "function": null, "line": 0, "correlation_id": "a3f4378c"}
{"timestamp": "2025-09-03T18:53:25.038657Z", "level": "ERROR", "logger": "lambdalabs", "message": "S3 privilege escalation attack failed: 'EnhancedLogger' object has no attribute 'security'", "module": "enhanced_logging", "function": "error", "line": 409}
{"timestamp": "2025-09-03T18:55:35.770033Z", "level": "SUCCESS", "logger": "lambdalabs", "message": "Temporary S3 Lambda created: arn:aws:lambda:us-east-1:343059098826:function:s3-enum-temp-20250903215534", "module": "enhanced_logging", "function": null, "line": 0, "correlation_id": "a3f4378c"}
{"timestamp": "2025-09-03T18:55:40.614130Z", "level": "SUCCESS", "logger": "lambdalabs", "message": "Lambda found 51 S3 buckets", "module": "enhanced_logging", "function": null, "line": 0, "correlation_id": "a3f4378c"}
{"timestamp": "2025-09-03T18:55:41.418179Z", "level": "SUCCESS", "logger": "lambdalabs", "message": "Extracted 3 objects from lambda-testing-toolkit-config-343059098826", "module": "enhanced_logging", "function": null, "line": 0, "correlation_id": "a3f4378c"}
{"timestamp": "2025-09-03T18:55:42.679410Z", "level": "SUCCESS", "logger": "lambdalabs", "message": "Extracted 9 objects from lambda-testing-toolkit-data-343059098826", "module": "enhanced_logging", "function": null, "line": 0, "correlation_id": "a3f4378c"}
{"timestamp": "2025-09-03T18:55:43.859046Z", "level": "SUCCESS", "logger": "lambdalabs", "message": "Extracted 3 objects from lambda-testing-toolkit-logs-343059098826", "module": "enhanced_logging", "function": null, "line": 0, "correlation_id": "a3f4378c"}
{"timestamp": "2025-09-03T18:55:43.876133Z", "level": "SUCCESS", "logger": "lambdalabs", "message": "S3 privilege escalation attack complete!", "module": "enhanced_logging", "function": null, "line": 0, "correlation_id": "a3f4378c"}
{"timestamp": "2025-09-03T18:55:44.676519Z", "level": "SUCCESS", "logger": "lambdalabs", "message": "Lambda function s3-enum-temp-20250903215534 deleted successfully", "module": "enhanced_logging", "function": null, "line": 0, "correlation_id": "a3f4378c"}
{"timestamp": "2025-09-03T18:55:44.679568Z", "level": "ERROR", "logger": "lambdalabs", "message": "S3 privilege escalation attack failed: 'EnhancedLogger' object has no attribute 'security'", "module": "enhanced_logging", "function": "error", "line": 409}
{"timestamp": "2025-09-03T18:55:59.229418Z", "level": "INFO", "logger": "lambdalabs", "message": "Initializing AWS Lambda Testing Toolkit...", "module": "enhanced_logging", "function": "info", "line": 387}
{"timestamp": "2025-09-03T18:56:07.163001Z", "level": "SUCCESS", "logger": "lambdalabs", "message": "All managers initialized successfully", "module": "enhanced_logging", "function": null, "line": 0, "correlation_id": "c7a80e35"}
{"timestamp": "2025-09-03T18:56:07.164289Z", "level": "INFO", "logger": "lambdalabs", "message": "AWS Lambda Testing Toolkit v2.0", "module": "enhanced_logging", "function": "info", "line": 387}
{"timestamp": "2025-09-03T18:56:07.164764Z", "level": "INFO", "logger": "lambdalabs", "message": "Account: 522814731902", "module": "enhanced_logging", "function": "info", "line": 387}
{"timestamp": "2025-09-03T18:56:07.165211Z", "level": "INFO", "logger": "lambdalabs", "message": "Region: us-east-1", "module": "enhanced_logging", "function": "info", "line": 387}
{"timestamp": "2025-09-03T18:56:10.645644Z", "level": "SUCCESS", "logger": "lambdalabs", "message": "Temporary S3 Lambda created: arn:aws:lambda:us-east-1:343059098826:function:s3-enum-temp-20250903215609", "module": "enhanced_logging", "function": null, "line": 0, "correlation_id": "c7a80e35"}
{"timestamp": "2025-09-03T18:56:15.530228Z", "level": "SUCCESS", "logger": "lambdalabs", "message": "Lambda found 51 S3 buckets", "module": "enhanced_logging", "function": null, "line": 0, "correlation_id": "c7a80e35"}
{"timestamp": "2025-09-03T18:56:16.346542Z", "level": "SUCCESS", "logger": "lambdalabs", "message": "Extracted 3 objects from lambda-testing-toolkit-config-343059098826", "module": "enhanced_logging", "function": null, "line": 0, "correlation_id": "c7a80e35"}
{"timestamp": "2025-09-03T18:56:17.456305Z", "level": "SUCCESS", "logger": "lambdalabs", "message": "Extracted 9 objects from lambda-testing-toolkit-data-343059098826", "module": "enhanced_logging", "function": null, "line": 0, "correlation_id": "c7a80e35"}
{"timestamp": "2025-09-03T18:56:18.458386Z", "level": "SUCCESS", "logger": "lambdalabs", "message": "Extracted 3 objects from lambda-testing-toolkit-logs-343059098826", "module": "enhanced_logging", "function": null, "line": 0, "correlation_id": "c7a80e35"}
{"timestamp": "2025-09-03T18:56:18.471707Z", "level": "SUCCESS", "logger": "lambdalabs", "message": "S3 privilege escalation attack complete!", "module": "enhanced_logging", "function": null, "line": 0, "correlation_id": "c7a80e35"}
{"timestamp": "2025-09-03T18:56:18.473037Z", "level": "WARNING", "logger": "lambdalabs", "message": "SENSITIVE FINDINGS DETECTED: 7 security issues found", "module": "enhanced_logging", "function": null, "line": 0, "security_event": "data_enumeration", "correlation_id": "c7a80e35", "context": {"event_type": "data_enumeration", "severity": "HIGH", "description": "SENSITIVE FINDINGS DETECTED: 7 security issues found", "details": {"findings_count": 7, "buckets_analyzed": 3}, "correlation_id": "c7a80e35"}}
{"timestamp": "2025-09-03T18:56:18.474809Z", "level": "WARNING", "logger": "lambdalabs", "message": "Security Finding: Bucket lambda-testing-toolkit-config-343059098826 has encryption disabled (SECURITY RISK)", "module": "enhanced_logging", "function": null, "line": 0, "security_event": "data_enumeration", "correlation_id": "c7a80e35", "context": {"event_type": "data_enumeration", "severity": "MEDIUM", "description": "Security Finding: Bucket lambda-testing-toolkit-config-343059098826 has encryption disabled (SECURITY RISK)", "details": {}, "correlation_id": "c7a80e35"}}
{"timestamp": "2025-09-03T18:56:18.476425Z", "level": "WARNING", "logger": "lambdalabs", "message": "Security Finding: Sensitive file found: lambda-testing-toolkit-config-343059098826/api-keys.json (filename pattern)", "module": "enhanced_logging", "function": null, "line": 0, "security_event": "data_enumeration", "correlation_id": "c7a80e35", "context": {"event_type": "data_enumeration", "severity": "MEDIUM", "description": "Security Finding: Sensitive file found: lambda-testing-toolkit-config-343059098826/api-keys.json (filename pattern)", "details": {}, "correlation_id": "c7a80e35"}}
{"timestamp": "2025-09-03T18:56:18.477910Z", "level": "WARNING", "logger": "lambdalabs", "message": "Security Finding: Sensitive content found: lambda-testing-toolkit-config-343059098826/api-keys.json (credential data)", "module": "enhanced_logging", "function": null, "line": 0, "security_event": "data_enumeration", "correlation_id": "c7a80e35", "context": {"event_type": "data_enumeration", "severity": "MEDIUM", "description": "Security Finding: Sensitive content found: lambda-testing-toolkit-config-343059098826/api-keys.json (credential data)", "details": {}, "correlation_id": "c7a80e35"}}
{"timestamp": "2025-09-03T18:56:18.479301Z", "level": "WARNING", "logger": "lambdalabs", "message": "Security Finding: Sensitive file found: lambda-testing-toolkit-config-343059098826/database-passwords.json (filename pattern)", "module": "enhanced_logging", "function": null, "line": 0, "security_event": "data_enumeration", "correlation_id": "c7a80e35", "context": {"event_type": "data_enumeration", "severity": "MEDIUM", "description": "Security Finding: Sensitive file found: lambda-testing-toolkit-config-343059098826/database-passwords.json (filename pattern)", "details": {}, "correlation_id": "c7a80e35"}}
{"timestamp": "2025-09-03T18:56:18.480501Z", "level": "WARNING", "logger": "lambdalabs", "message": "Security Finding: Bucket lambda-testing-toolkit-data-343059098826 has encryption disabled (SECURITY RISK)", "module": "enhanced_logging", "function": null, "line": 0, "security_event": "data_enumeration", "correlation_id": "c7a80e35", "context": {"event_type": "data_enumeration", "severity": "MEDIUM", "description": "Security Finding: Bucket lambda-testing-toolkit-data-343059098826 has encryption disabled (SECURITY RISK)", "details": {}, "correlation_id": "c7a80e35"}}
{"timestamp": "2025-09-03T18:56:18.481558Z", "level": "INFO", "logger": "lambdalabs", "message": "... and 2 more findings (see report for details)", "module": "enhanced_logging", "function": "info", "line": 387}
{"timestamp": "2025-09-03T18:56:19.267372Z", "level": "SUCCESS", "logger": "lambdalabs", "message": "Lambda function s3-enum-temp-20250903215609 deleted successfully", "module": "enhanced_logging", "function": null, "line": 0, "correlation_id": "c7a80e35"}
{"timestamp": "2025-09-03T19:01:37.115903Z", "level": "INFO", "logger": "lambdalabs", "message": "Initializing AWS Lambda Testing Toolkit...", "module": "enhanced_logging", "function": "info", "line": 387}
{"timestamp": "2025-09-03T19:01:45.750999Z", "level": "SUCCESS", "logger": "lambdalabs", "message": "All managers initialized successfully", "module": "enhanced_logging", "function": null, "line": 0, "correlation_id": "a9903f4a"}
{"timestamp": "2025-09-03T19:01:45.751574Z", "level": "INFO", "logger": "lambdalabs", "message": "AWS Lambda Testing Toolkit v2.0", "module": "enhanced_logging", "function": "info", "line": 387}
{"timestamp": "2025-09-03T19:01:45.752073Z", "level": "INFO", "logger": "lambdalabs", "message": "Account: 522814731902", "module": "enhanced_logging", "function": "info", "line": 387}
{"timestamp": "2025-09-03T19:01:45.752525Z", "level": "INFO", "logger": "lambdalabs", "message": "Region: us-east-1", "module": "enhanced_logging", "function": "info", "line": 387}
{"timestamp": "2025-09-03T19:02:07.527910Z", "level": "INFO", "logger": "lambdalabs", "message": "Initializing AWS Lambda Testing Toolkit...", "module": "enhanced_logging", "function": "info", "line": 387}
{"timestamp": "2025-09-03T19:02:15.467033Z", "level": "SUCCESS", "logger": "lambdalabs", "message": "All managers initialized successfully", "module": "enhanced_logging", "function": null, "line": 0, "correlation_id": "daa3ec3e"}
{"timestamp": "2025-09-03T19:02:15.467642Z", "level": "INFO", "logger": "lambdalabs", "message": "AWS Lambda Testing Toolkit v2.0", "module": "enhanced_logging", "function": "info", "line": 387}
{"timestamp": "2025-09-03T19:02:15.468158Z", "level": "INFO", "logger": "lambdalabs", "message": "Account: 343059098826", "module": "enhanced_logging", "function": "info", "line": 387}
{"timestamp": "2025-09-03T19:02:15.468642Z", "level": "INFO", "logger": "lambdalabs", "message": "Region: us-east-1", "module": "enhanced_logging", "function": "info", "line": 387}
{"timestamp": "2025-09-03T19:02:16.970745Z", "level": "ERROR", "logger": "lambdalabs", "message": "No deployment files found. Cannot determine what to clean up.", "module": "enhanced_logging", "function": "error", "line": 409}
{"timestamp": "2025-09-05T12:47:28.426304Z", "level": "INFO", "logger": "lambdalabs", "message": "Initializing AWS Lambda Testing Toolkit...", "module": "enhanced_logging", "function": "info", "line": 387}
{"timestamp": "2025-09-05T12:47:36.274007Z", "level": "SUCCESS", "logger": "lambdalabs", "message": "All managers initialized successfully", "module": "enhanced_logging", "function": null, "line": 0, "correlation_id": "f71c8f5b"}
{"timestamp": "2025-09-05T12:47:36.274737Z", "level": "INFO", "logger": "lambdalabs", "message": "AWS Lambda Testing Toolkit v2.0", "module": "enhanced_logging", "function": "info", "line": 387}
{"timestamp": "2025-09-05T12:47:36.275223Z", "level": "INFO", "logger": "lambdalabs", "message": "Account: 343059098826", "module": "enhanced_logging", "function": "info", "line": 387}
{"timestamp": "2025-09-05T12:47:36.275669Z", "level": "INFO", "logger": "lambdalabs", "message": "Region: us-east-1", "module": "enhanced_logging", "function": "info", "line": 387}
